<?xml version="1.0" encoding="UTF-8"?>
<!-- Generated by org.testng.reporters.JUnitReportReporter -->
<testsuite hostname="LAPTOP-S0IS0QVR" failures="0" tests="1" name="Programs.Array" time="6.374" errors="0" timestamp="2020-07-20T21:30:28 IST" skipped="0">
  <testcase classname="Programs.Array" name="fun" time="6.374"/>
  <system-out/>
</testsuite> <!-- Programs.Array -->
